Compiling build :dev to "resources/public/js/app.js" from ["src"]...
[32mSuccessfully compiled build :dev to "resources/public/js/app.js" in 3.048 seconds.[0m
notifying browser that file changed:  resources/public/js/dev/goog/deps.js
notifying browser that file changed:  resources/public/js/dev/cljs_deps.js
notifying browser that file changed:  resources/public/js/dev/keechma_todomvc/components/app.js
Compiling build :dev to "resources/public/js/app.js" from ["src"]...
[32mSuccessfully compiled build :dev to "resources/public/js/app.js" in 0.733 seconds.[0m
notifying browser that file changed:  resources/public/js/dev/keechma_todomvc/components/app.js
Compiling build :dev to "resources/public/js/app.js" from ["src"]...
[31mFailed to compile build :dev from ["src"] in 1.348 seconds.[0m
[36m----  Could not Read  src/keechma_todomvc/components/timer_button.cljs   line:18 ----[0m

  [1m/home/buyn/Dev/ClojureScript/tutorials/my-cljs-project/worder/src/keechma_todomvc/components/timer_button.cljs [line 18, col 1] Unexpected EOF while reading item 3 of list, starting at line 10 and column 1.[0m

[36m----  Reader Error : Please see src/keechma_todomvc/components/timer_button.cljs  ----[0m
Compiling build :dev to "resources/public/js/app.js" from ["src"]...
[36m----  Compiler Warning on   src/keechma_todomvc/components/timer_button.cljs   line:11  column:4  ----[0m

  [1mUse of undeclared Var keechma-todomvc.components.timer-button/<comp[0m

  [36m 7[0m  [36m  [:h1 "Worder"][0m
  [36m 8[0m  [36m  )[0m
  [36m 9[0m  [36m[0m
  [36m10[0m  [36m(def component[0m
  [33m11[0m  [1m  (<comp :renderer render[0m
  [0m  [0m  [33m   ^--- Use of undeclared Var keechma-todomvc.components.timer-button/<comp[0m
  [36m12[0m  [36m         ;; :component-deps [:new-todo[0m
  [36m13[0m  [36m         ;;                  :toggle-todos[0m
  [36m14[0m  [36m         ;;                  :todo-list[0m
  [36m15[0m  [36m         ;;                  :footer][0m
  [36m16[0m  [36m         ;; :subscription-deps [:has-todos?][0m

[36m----  Compiler Warning : Please see src/keechma_todomvc/components/timer_button.cljs  ----[0m
[32mSuccessfully compiled build :dev to "resources/public/js/app.js" in 0.777 seconds.[0m
notifying browser that file changed:  resources/public/js/dev/goog/deps.js
notifying browser that file changed:  resources/public/js/dev/cljs_deps.js
notifying browser that file changed:  resources/public/js/dev/keechma_todomvc/components/timer_button.js
Compiling build :dev to "resources/public/js/app.js" from ["src"]...
[32mSuccessfully compiled build :dev to "resources/public/js/app.js" in 0.705 seconds.[0m
notifying browser that file changed:  resources/public/js/dev/cljs_deps.js
notifying browser that file changed:  resources/public/js/dev/keechma_todomvc/components/timer_button.js
Compiling build :dev to "resources/public/js/app.js" from ["src"]...
[32mSuccessfully compiled build :dev to "resources/public/js/app.js" in 1.11 seconds.[0m
notifying browser that file changed:  resources/public/js/dev/goog/deps.js
notifying browser that file changed:  resources/public/js/dev/cljs_deps.js
notifying browser that file changed:  resources/public/js/dev/keechma_todomvc/components/toggle_todos.js
notifying browser that file changed:  resources/public/js/dev/keechma_todomvc/components.js
notifying browser that file changed:  resources/public/js/dev/keechma_todomvc/components/app.js
notifying browser that file changed:  resources/public/js/dev/keechma_todomvc/entities/todo.js
notifying browser that file changed:  resources/public/js/dev/keechma_todomvc/components/todo_edit.js
notifying browser that file changed:  resources/public/js/dev/keechma_todomvc/components/todo_list.js
notifying browser that file changed:  resources/public/js/dev/keechma_todomvc/components/new_todo.js
notifying browser that file changed:  resources/public/js/dev/keechma_todomvc/edb.js
notifying browser that file changed:  resources/public/js/dev/keechma_todomvc/subscriptions.js
notifying browser that file changed:  resources/public/js/dev/keechma_todomvc/controllers/todos.js
notifying browser that file changed:  resources/public/js/dev/keechma_todomvc/app.js
notifying browser that file changed:  resources/public/js/dev/keechma_todomvc/util.js
notifying browser that file changed:  resources/public/js/dev/keechma_todomvc/components/todo_item.js
notifying browser that file changed:  resources/public/js/dev/keechma_todomvc/components/footer.js
notifying browser that file changed:  resources/public/js/dev/keechma_todomvc/ui.js
Compiling build :dev to "resources/public/js/app.js" from ["src"]...
[32mSuccessfully compiled build :dev to "resources/public/js/app.js" in 1.592 seconds.[0m
notifying browser that file changed:  resources/public/js/dev/goog/deps.js
notifying browser that file changed:  resources/public/js/dev/cljs_deps.js
notifying browser that file changed:  resources/public/js/dev/keechma_todomvc/components.js
notifying browser that file changed:  resources/public/js/dev/keechma_todomvc/components/app.js
notifying browser that file changed:  resources/public/js/dev/keechma_todomvc/components/timer_button.js
Compiling build :dev to "resources/public/js/app.js" from ["src"]...
[32mSuccessfully compiled build :dev to "resources/public/js/app.js" in 1.131 seconds.[0m
notifying browser that file changed:  resources/public/js/dev/cljs_deps.js
notifying browser that file changed:  resources/public/js/dev/keechma_todomvc/components/toggle_todos.js
notifying browser that file changed:  resources/public/js/dev/keechma_todomvc/components.js
notifying browser that file changed:  resources/public/js/dev/keechma_todomvc/components/app.js
notifying browser that file changed:  resources/public/js/dev/keechma_todomvc/entities/todo.js
notifying browser that file changed:  resources/public/js/dev/keechma_todomvc/components/todo_edit.js
notifying browser that file changed:  resources/public/js/dev/keechma_todomvc/components/todo_list.js
notifying browser that file changed:  resources/public/js/dev/keechma_todomvc/components/new_todo.js
notifying browser that file changed:  resources/public/js/dev/keechma_todomvc/edb.js
notifying browser that file changed:  resources/public/js/dev/keechma_todomvc/subscriptions.js
notifying browser that file changed:  resources/public/js/dev/keechma_todomvc/controllers/todos.js
notifying browser that file changed:  resources/public/js/dev/keechma_todomvc/app.js
notifying browser that file changed:  resources/public/js/dev/keechma_todomvc/util.js
notifying browser that file changed:  resources/public/js/dev/keechma_todomvc/components/todo_item.js
notifying browser that file changed:  resources/public/js/dev/keechma_todomvc/components/footer.js
notifying browser that file changed:  resources/public/js/dev/keechma_todomvc/ui.js
Compiling build :dev to "resources/public/js/app.js" from ["src"]...
[32mSuccessfully compiled build :dev to "resources/public/js/app.js" in 1.581 seconds.[0m
notifying browser that file changed:  resources/public/js/dev/goog/deps.js
notifying browser that file changed:  resources/public/js/dev/cljs_deps.js
notifying browser that file changed:  resources/public/js/dev/keechma_todomvc/components/app.js
Compiling build :dev to "resources/public/js/app.js" from ["src"]...
[32mSuccessfully compiled build :dev to "resources/public/js/app.js" in 0.741 seconds.[0m
notifying browser that file changed:  resources/public/js/dev/keechma_todomvc/components/app.js
Compiling build :dev to "resources/public/js/app.js" from ["src"]...
[32mSuccessfully compiled build :dev to "resources/public/js/app.js" in 0.731 seconds.[0m
notifying browser that file changed:  resources/public/js/dev/keechma_todomvc/components/app.js
Compiling build :dev to "resources/public/js/app.js" from ["src"]...
[32mSuccessfully compiled build :dev to "resources/public/js/app.js" in 0.737 seconds.[0m
notifying browser that file changed:  resources/public/js/dev/keechma_todomvc/components/app.js
Compiling build :dev to "resources/public/js/app.js" from ["src"]...
[32mSuccessfully compiled build :dev to "resources/public/js/app.js" in 0.722 seconds.[0m
notifying browser that file changed:  resources/public/js/dev/keechma_todomvc/components/app.js
Compiling build :dev to "resources/public/js/app.js" from ["src"]...
[32mSuccessfully compiled build :dev to "resources/public/js/app.js" in 1.575 seconds.[0m
notifying browser that file changed:  resources/public/js/dev/goog/deps.js
notifying browser that file changed:  resources/public/js/dev/cljs_deps.js
notifying browser that file changed:  resources/public/js/dev/keechma_todomvc/components/app.js
Compiling build :dev to "resources/public/js/app.js" from ["src"]...
[32mSuccessfully compiled build :dev to "resources/public/js/app.js" in 0.798 seconds.[0m
notifying browser that file changed:  resources/public/js/dev/cljs_deps.js
notifying browser that file changed:  resources/public/js/dev/keechma_todomvc/components/todo_edit.js
Compiling build :dev to "resources/public/js/app.js" from ["src"]...
[32mSuccessfully compiled build :dev to "resources/public/js/app.js" in 0.808 seconds.[0m
notifying browser that file changed:  resources/public/js/dev/goog/deps.js
notifying browser that file changed:  resources/public/js/dev/cljs_deps.js
notifying browser that file changed:  resources/public/js/dev/keechma_todomvc/components/app.js
Compiling build :dev to "resources/public/js/app.js" from ["src"]...
[32mSuccessfully compiled build :dev to "resources/public/js/app.js" in 0.72 seconds.[0m
notifying browser that file changed:  resources/public/js/dev/cljs_deps.js
notifying browser that file changed:  resources/public/js/dev/keechma_todomvc/components.js
Compiling build :dev to "resources/public/js/app.js" from ["src"]...
[32mSuccessfully compiled build :dev to "resources/public/js/app.js" in 1.566 seconds.[0m
notifying browser that file changed:  resources/public/js/dev/goog/deps.js
notifying browser that file changed:  resources/public/js/dev/cljs_deps.js
notifying browser that file changed:  resources/public/js/dev/keechma_todomvc/components/app.js
Compiling build :dev to "resources/public/js/app.js" from ["src"]...
[32mSuccessfully compiled build :dev to "resources/public/js/app.js" in 0.77 seconds.[0m
notifying browser that file changed:  resources/public/js/dev/keechma_todomvc/components/app.js
Compiling build :dev to "resources/public/js/app.js" from ["src"]...
[32mSuccessfully compiled build :dev to "resources/public/js/app.js" in 0.741 seconds.[0m
notifying browser that file changed:  resources/public/js/dev/keechma_todomvc/components/app.js
Compiling build :dev to "resources/public/js/app.js" from ["src"]...
[32mSuccessfully compiled build :dev to "resources/public/js/app.js" in 0.75 seconds.[0m
notifying browser that file changed:  resources/public/js/dev/keechma_todomvc/components/app.js
notifying browser that file changed:  resources/public/js/dev/keechma_todomvc/components/timer_button.js
Compiling build :dev to "resources/public/js/app.js" from ["src"]...
[32mSuccessfully compiled build :dev to "resources/public/js/app.js" in 0.77 seconds.[0m
notifying browser that file changed:  resources/public/js/dev/keechma_todomvc/components/timer_button.js
Compiling build :dev to "resources/public/js/app.js" from ["src"]...
[32mSuccessfully compiled build :dev to "resources/public/js/app.js" in 0.757 seconds.[0m
notifying browser that file changed:  resources/public/js/dev/keechma_todomvc/components/timer_button.js
Notifying browser that CSS file changed: resources/public/css/style.css
Compiling build :dev to "resources/public/js/app.js" from ["src"]...
[32mSuccessfully compiled build :dev to "resources/public/js/app.js" in 0.818 seconds.[0m
notifying browser that file changed:  resources/public/js/dev/keechma_todomvc/components/timer_button.js
Compiling build :dev to "resources/public/js/app.js" from ["src"]...
[32mSuccessfully compiled build :dev to "resources/public/js/app.js" in 2.822 seconds.[0m
notifying browser that file changed:  resources/public/js/dev/goog/deps.js
notifying browser that file changed:  resources/public/js/dev/cljs_deps.js
notifying browser that file changed:  resources/public/js/dev/keechma_todomvc/components/timer_button.js
Compiling build :dev to "resources/public/js/app.js" from ["src"]...
[32mSuccessfully compiled build :dev to "resources/public/js/app.js" in 0.747 seconds.[0m
notifying browser that file changed:  resources/public/js/dev/keechma_todomvc/components/timer_button.js
Compiling build :dev to "resources/public/js/app.js" from ["src"]...
[36m----  Compiler Warning on   src/keechma_todomvc/components/timer_button.cljs   line:12  column:18  ----[0m

  [1mWrong number of args (3) passed to cljs.core/reset![0m

  [36m 8[0m  [36mtogle! (fn [_][0m
  [36m 9[0m  [36m   (if @timer-id[0m
  [36m10[0m  [36m     ;; Stop[0m
  [36m11[0m  [36m     (do (js/clearInterval @timer-id)[0m
  [33m12[0m  [1m         (reset! timer-id nil[0m
  [0m  [0m  [33m         ^--- Wrong number of args (3) passed to cljs.core/reset![0m
  [36m13[0m  [36m         (let [elapsed (/ (- (.now js/Date) start-ms) 1000)][0m
  [36m14[0m  [36m            (reset! seconds elapsed))))[0m
  [36m15[0m  [36m     ;; Start[0m
  [36m16[0m  [36m     (let [start-ms (.now js/Date)][0m
  [36m17[0m  [36m       (reset! timer-id[0m

[36m----  Compiler Warning : Please see src/keechma_todomvc/components/timer_button.cljs  ----[0m
[36m----  Compiler Warning on   src/keechma_todomvc/components/timer_button.cljs   line:13  column:53  ----[0m

  [1mUse of undeclared Var keechma-todomvc.components.timer-button/start-ms[0m

  [36m 9[0m  [36m(if @timer-id[0m
  [36m10[0m  [36m  ;; Stop[0m
  [36m11[0m  [36m  (do (js/clearInterval @timer-id)[0m
  [36m12[0m  [36m      (reset! timer-id nil[0m
  [33m13[0m  [1m      (let [elapsed (/ (- (.now js/Date) start-ms) 1000)][0m
  [0m  [0m  [33m                                         ^--- Use of undeclared Var keechma-todomvc.components.timer-button/start-ms[0m
  [36m14[0m  [36m         (reset! seconds elapsed))))[0m
  [36m15[0m  [36m  ;; Start[0m
  [36m16[0m  [36m  (let [start-ms (.now js/Date)][0m
  [36m17[0m  [36m    (reset! timer-id[0m
  [36m18[0m  [36m            (js/setInterval[0m

[36m----  Compiler Warning : Please see src/keechma_todomvc/components/timer_button.cljs  ----[0m
[32mSuccessfully compiled build :dev to "resources/public/js/app.js" in 0.83 seconds.[0m
notifying browser that file changed:  resources/public/js/dev/keechma_todomvc/components/timer_button.js
Compiling build :dev to "resources/public/js/app.js" from ["src"]...
[36m----  Compiler Warning on   src/keechma_todomvc/components/timer_button.cljs   line:14  column:53  ----[0m

  [1mUse of undeclared Var keechma-todomvc.components.timer-button/start-ms[0m

  [36m10[0m  [36m(if @timer-id[0m
  [36m11[0m  [36m  ;; Stop[0m
  [36m12[0m  [36m  (do (js/clearInterval @timer-id)[0m
  [36m13[0m  [36m      (reset! timer-id nil)[0m
  [33m14[0m  [1m      (let [elapsed (/ (- (.now js/Date) start-ms) 1000)][0m
  [0m  [0m  [33m                                         ^--- Use of undeclared Var keechma-todomvc.components.timer-button/start-ms[0m
  [36m15[0m  [36m         (reset! seconds elapsed)))[0m
  [36m16[0m  [36m  ;; Start[0m
  [36m17[0m  [36m  (let [start-ms (.now js/Date)][0m
  [36m18[0m  [36m    (reset! timer-id[0m
  [36m19[0m  [36m            (js/setInterval[0m

[36m----  Compiler Warning : Please see src/keechma_todomvc/components/timer_button.cljs  ----[0m
[32mSuccessfully compiled build :dev to "resources/public/js/app.js" in 0.755 seconds.[0m
notifying browser that file changed:  resources/public/js/dev/keechma_todomvc/components/timer_button.js
Compiling build :dev to "resources/public/js/app.js" from ["src"]...
[32mSuccessfully compiled build :dev to "resources/public/js/app.js" in 0.739 seconds.[0m
notifying browser that file changed:  resources/public/js/dev/keechma_todomvc/components/timer_button.js
Compiling build :dev to "resources/public/js/app.js" from ["src"]...
[32mSuccessfully compiled build :dev to "resources/public/js/app.js" in 0.76 seconds.[0m
notifying browser that file changed:  resources/public/js/dev/keechma_todomvc/components/timer_button.js
Compiling build :dev to "resources/public/js/app.js" from ["src"]...
[32mSuccessfully compiled build :dev to "resources/public/js/app.js" in 0.739 seconds.[0m
notifying browser that file changed:  resources/public/js/dev/keechma_todomvc/components/timer_button.js
Compiling build :dev to "resources/public/js/app.js" from ["src"]...
[32mSuccessfully compiled build :dev to "resources/public/js/app.js" in 0.783 seconds.[0m
notifying browser that file changed:  resources/public/js/dev/keechma_todomvc/components/timer_button.js
Compiling build :dev to "resources/public/js/app.js" from ["src"]...
[36m----  Compiler Warning on   src/keechma_todomvc/components/timer_button.cljs   line:26  column:14  ----[0m

  [1mUse of undeclared Var keechma-todomvc.components.timer-button/eq[0m

  [36m22[0m  [36m    (fn [][0m
  [36m23[0m  [36m      [:div.timer[0m
  [36m24[0m  [36m       [:button[0m
  [36m25[0m  [36m        {:on-click togle!} [0m
  [33m26[0m  [1m        (if (eq @timer-id nil) "■ Stop" "▶ Start")][0m
  [0m  [0m  [33m             ^--- Use of undeclared Var keechma-todomvc.components.timer-button/eq[0m
  [36m27[0m  [36m       [:span.seconds (str @seconds " sec")]])))[0m
  [36m28[0m  [36m[0m
  [36m29[0m  [36m(def component[0m
  [36m30[0m  [36m  (<comp :renderer render[0m
  [36m31[0m  [36m         ;; :component-deps [:new-todo[0m

[36m----  Compiler Warning : Please see src/keechma_todomvc/components/timer_button.cljs  ----[0m
[32mSuccessfully compiled build :dev to "resources/public/js/app.js" in 0.731 seconds.[0m
notifying browser that file changed:  resources/public/js/dev/keechma_todomvc/components/timer_button.js
Compiling build :dev to "resources/public/js/app.js" from ["src"]...
[32mSuccessfully compiled build :dev to "resources/public/js/app.js" in 0.733 seconds.[0m
notifying browser that file changed:  resources/public/js/dev/keechma_todomvc/components/timer_button.js
Compiling build :dev to "resources/public/js/app.js" from ["src"]...
[32mSuccessfully compiled build :dev to "resources/public/js/app.js" in 0.777 seconds.[0m
notifying browser that file changed:  resources/public/js/dev/keechma_todomvc/components/timer_button.js
Compiling build :dev to "resources/public/js/app.js" from ["src"]...
[32mSuccessfully compiled build :dev to "resources/public/js/app.js" in 0.712 seconds.[0m
notifying browser that file changed:  resources/public/js/dev/keechma_todomvc/components/timer_button.js
Compiling build :dev to "resources/public/js/app.js" from ["src"]...
[32mSuccessfully compiled build :dev to "resources/public/js/app.js" in 0.726 seconds.[0m
notifying browser that file changed:  resources/public/js/dev/keechma_todomvc/components/timer_button.js
Compiling build :dev to "resources/public/js/app.js" from ["src"]...
[32mSuccessfully compiled build :dev to "resources/public/js/app.js" in 0.728 seconds.[0m
notifying browser that file changed:  resources/public/js/dev/keechma_todomvc/components/timer_button.js
Compiling build :dev to "resources/public/js/app.js" from ["src"]...
[36m----  Compiler Warning on   src/keechma_todomvc/components/timer_button.cljs   line:17  column:39  ----[0m

  [1mWrong number of args (0) passed to stop![0m

  [36m13[0m  [36m                        (fn [][0m
  [36m14[0m  [36m                          (let [elapsed (/ (- (.now js/Date) start-ms) 1000)][0m
  [36m15[0m  [36m                            (reset! seconds elapsed)))[0m
  [36m16[0m  [36m                        100))))[0m
  [33m17[0m  [1m        toggle! (fn [_] (if @timer-id (stop!) (start!)))]  [0m
  [0m  [0m  [33m                                      ^--- Wrong number of args (0) passed to stop![0m
  [36m18[0m  [36m[0m
  [36m19[0m  [36m    (fn [][0m
  [36m20[0m  [36m      [:div.timer[0m
  [36m21[0m  [36m       [:button[0m
  [36m22[0m  [36m        {:on-click toggle!} [0m

[36m----  Compiler Warning : Please see src/keechma_todomvc/components/timer_button.cljs  ----[0m
[36m----  Compiler Warning on   src/keechma_todomvc/components/timer_button.cljs   line:17  column:47  ----[0m

  [1mWrong number of args (0) passed to start![0m

  [36m13[0m  [36m                        (fn [][0m
  [36m14[0m  [36m                          (let [elapsed (/ (- (.now js/Date) start-ms) 1000)][0m
  [36m15[0m  [36m                            (reset! seconds elapsed)))[0m
  [36m16[0m  [36m                        100))))[0m
  [33m17[0m  [1m        toggle! (fn [_] (if @timer-id (stop!) (start!)))]  [0m
  [0m  [0m  [33m                                              ^--- Wrong number of args (0) passed to start![0m
  [36m18[0m  [36m[0m
  [36m19[0m  [36m    (fn [][0m
  [36m20[0m  [36m      [:div.timer[0m
  [36m21[0m  [36m       [:button[0m
  [36m22[0m  [36m        {:on-click toggle!} [0m

[36m----  Compiler Warning : Please see src/keechma_todomvc/components/timer_button.cljs  ----[0m
[32mSuccessfully compiled build :dev to "resources/public/js/app.js" in 0.758 seconds.[0m
notifying browser that file changed:  resources/public/js/dev/keechma_todomvc/components/timer_button.js
Compiling build :dev to "resources/public/js/app.js" from ["src"]...
[32mSuccessfully compiled build :dev to "resources/public/js/app.js" in 0.747 seconds.[0m
notifying browser that file changed:  resources/public/js/dev/keechma_todomvc/components/timer_button.js
Compiling build :dev to "resources/public/js/app.js" from ["src"]...
[32mSuccessfully compiled build :dev to "resources/public/js/app.js" in 0.722 seconds.[0m
notifying browser that file changed:  resources/public/js/dev/keechma_todomvc/components/timer_button.js
Compiling build :dev to "resources/public/js/app.js" from ["src"]...
[32mSuccessfully compiled build :dev to "resources/public/js/app.js" in 0.759 seconds.[0m
notifying browser that file changed:  resources/public/js/dev/keechma_todomvc/components/timer_button.js
Compiling build :dev to "resources/public/js/app.js" from ["src"]...
[32mSuccessfully compiled build :dev to "resources/public/js/app.js" in 0.742 seconds.[0m
notifying browser that file changed:  resources/public/js/dev/keechma_todomvc/components/timer_button.js
Compiling build :dev to "resources/public/js/app.js" from ["src"]...
[32mSuccessfully compiled build :dev to "resources/public/js/app.js" in 0.719 seconds.[0m
notifying browser that file changed:  resources/public/js/dev/keechma_todomvc/components/timer_button.js
Compiling build :dev to "resources/public/js/app.js" from ["src"]...
[32mSuccessfully compiled build :dev to "resources/public/js/app.js" in 0.763 seconds.[0m
notifying browser that file changed:  resources/public/js/dev/keechma_todomvc/components/timer_button.js
notifying browser that file changed:  resources/public/js/dev/keechma_todomvc/components/todo_item.js
Compiling build :dev to "resources/public/js/app.js" from ["src"]...
[32mSuccessfully compiled build :dev to "resources/public/js/app.js" in 0.792 seconds.[0m
notifying browser that file changed:  resources/public/js/dev/keechma_todomvc/components/app.js
Notifying browser that CSS file changed: resources/public/css/style.css
Notifying browser that CSS file changed: resources/public/css/style.css
Compiling build :dev to "resources/public/js/app.js" from ["src"]...
[32mSuccessfully compiled build :dev to "resources/public/js/app.js" in 0.761 seconds.[0m
notifying browser that file changed:  resources/public/js/dev/keechma_todomvc/components/todo_item.js
Notifying browser that CSS file changed: resources/public/css/style.css
Notifying browser that CSS file changed: resources/public/css/style.css
Notifying browser that CSS file changed: resources/public/css/style.css
Notifying browser that CSS file changed: resources/public/css/style.css
Notifying browser that CSS file changed: resources/public/css/style.css
Notifying browser that CSS file changed: resources/public/css/style.css
Notifying browser that CSS file changed: resources/public/css/style.css
Notifying browser that CSS file changed: resources/public/css/style.css
Notifying browser that CSS file changed: resources/public/css/style.css
